<?xml version="1.0" encoding="UTF-8"?>
<!-- Generated by org.testng.reporters.JUnitXMLReporter -->
<testsuite ignored="1" hostname="C91001A1063069" failures="1" tests="2" name="Test" time="25.542" errors="0" timestamp="2024-11-02T11:23:33 EDT">
  <testcase classname="testCases.TC001_AccountRegistrationTest" name="verify_account_registration" time="2.825"/>
  <testcase classname="testCases.TC002_LoginTest" name="verify_login" time="11.49">
    <failure type="java.lang.AssertionError" message="Login failed expected [true] but found [false]">
      <![CDATA[java.lang.AssertionError: Login failed expected [true] but found [false]
at testCases.TC002_LoginTest.verify_login(TC002_LoginTest.java:32)
at java.base/java.util.ArrayList.forEach(ArrayList.java:1597)
... Removed 31 stack frames]]>
    </failure>
  </testcase> <!-- verify_login -->
  <testcase classname="testCases.TC003_LoginDDT" name="verify_loginDDT" time="0.0">
    <ignored/>
  </testcase> <!-- verify_loginDDT -->
</testsuite> <!-- Test -->
